<?xml version="1.0" encoding="UTF-8"?>
<testsuite xmlns:xsi="http://www.w3.org/2001/XMLSchema-instance" xsi:noNamespaceSchemaLocation="https://maven.apache.org/surefire/maven-surefire-plugin/xsd/surefire-test-report-3.0.xsd" version="3.0" name="com.ceshiren.CalculatorTest" time="0.344" tests="2" errors="0" skipped="0" failures="0">
  <properties>
[...]
</properties>
  <testcase name="first2" classname="com.ceshiren.CalculatorTest" time="0.145">
    <system-out><![CDATA[15:13:12,438 |-INFO in ch.qos.logback.classic.LoggerContext[default] - This is logback-classic version 1.4.3
15:13:12,469 |-INFO in ch.qos.logback.classic.LoggerContext[default] - Could NOT find resource [logback-test.xml]
15:13:12,476 |-INFO in ch.qos.logback.classic.LoggerContext[default] - Found resource [logback.xml] at [file:/Users/yanggao/IT/IDEA/hogwarts_code/MavenJunit5/target/classes/logback.xml]
15:13:12,672 |-WARN in ch.qos.logback.core.model.processor.ImplicitModelHandler - Ignoring unknown property [encoder] in [ch.qos.logback.classic.LoggerContext]
15:13:12,672 |-INFO in ch.qos.logback.core.model.processor.TimestampModelHandler - Using current interpretation time, i.e. now, as time reference.
15:13:12,701 |-INFO in ch.qos.logback.core.model.processor.TimestampModelHandler - Adding property to the context with key="byModel" and value="20221120" to the LOCAL scope
15:13:12,710 |-INFO in ch.qos.logback.core.model.processor.AppenderModelHandler - Processing appender named [STDOUT]
15:13:12,710 |-INFO in ch.qos.logback.core.model.processor.AppenderModelHandler - About to instantiate appender of type [ch.qos.logback.core.ConsoleAppender]
15:13:12,717 |-INFO in ch.qos.logback.core.model.processor.ImplicitModelHandler - Assuming default type [ch.qos.logback.classic.encoder.PatternLayoutEncoder] for [encoder] property
15:13:12,770 |-INFO in ch.qos.logback.core.model.processor.AppenderModelHandler - Processing appender named [FILE]
15:13:12,770 |-INFO in ch.qos.logback.core.model.processor.AppenderModelHandler - About to instantiate appender of type [ch.qos.logback.core.rolling.RollingFileAppender]
15:13:12,788 |-INFO in c.q.l.core.rolling.TimeBasedRollingPolicy@828088650 - setting totalSizeCap to 1 GB
15:13:12,801 |-INFO in c.q.l.core.rolling.TimeBasedRollingPolicy@828088650 - Will use zip compression
15:13:12,803 |-INFO in c.q.l.core.rolling.TimeBasedRollingPolicy@828088650 - Will use the pattern log.zip.path_IS_UNDEFINED/%d{yyyy-MM-dd}.%i.log for the active file
15:13:12,832 |-INFO in ch.qos.logback.core.rolling.SizeAndTimeBasedFNATP@50cf5a23 - The date pattern is 'yyyy-MM-dd' from file name pattern 'log.zip.path_IS_UNDEFINED/%d{yyyy-MM-dd}.%i.log.zip'.
15:13:12,832 |-INFO in ch.qos.logback.core.rolling.SizeAndTimeBasedFNATP@50cf5a23 - Roll-over at midnight.
15:13:12,839 |-INFO in ch.qos.logback.core.rolling.SizeAndTimeBasedFNATP@50cf5a23 - Setting initial period to Sun Nov 20 11:43:24 CST 2022
15:13:12,839 |-WARN in ch.qos.logback.core.rolling.SizeAndTimeBasedFNATP@50cf5a23 - SizeAndTimeBasedFNATP is deprecated. Use SizeAndTimeBasedRollingPolicy instead
15:13:12,839 |-WARN in ch.qos.logback.core.rolling.SizeAndTimeBasedFNATP@50cf5a23 - For more information see http://logback.qos.ch/manual/appenders.html#SizeAndTimeBasedRollingPolicy
15:13:12,841 |-INFO in ch.qos.logback.core.model.processor.ImplicitModelHandler - Assuming default type [ch.qos.logback.classic.encoder.PatternLayoutEncoder] for [encoder] property
15:13:12,851 |-INFO in ch.qos.logback.core.rolling.RollingFileAppender[FILE] - Active log file name: 20221120.log
15:13:12,851 |-INFO in ch.qos.logback.core.rolling.RollingFileAppender[FILE] - File property is set to [20221120.log]
15:13:12,856 |-INFO in ch.qos.logback.classic.model.processor.LoggerModelHandler - Setting level of logger [com.ceshiren] to DEBUG
15:13:12,857 |-INFO in ch.qos.logback.classic.model.processor.LoggerModelHandler - Setting level of logger [ch.qos.logback] to INFO
15:13:12,857 |-INFO in ch.qos.logback.classic.model.processor.LoggerModelHandler - Setting level of logger [org] to WARN
15:13:12,857 |-INFO in ch.qos.logback.classic.model.processor.RootLoggerModelHandler - Setting level of ROOT logger to INFO
15:13:12,857 |-INFO in ch.qos.logback.core.model.processor.AppenderRefModelHandler - Attaching appender named [STDOUT] to Logger[ROOT]
15:13:12,858 |-INFO in ch.qos.logback.core.model.processor.AppenderRefModelHandler - Attaching appender named [FILE] to Logger[ROOT]
15:13:12,858 |-INFO in ch.qos.logback.core.model.processor.DefaultProcessor@450794b4 - End of configuration.
15:13:12,859 |-INFO in ch.qos.logback.classic.joran.JoranConfigurator@273c947f - Registering current configuration as safe fallback point

第二个测试用例
]]></system-out>
  </testcase>
  <testcase name="first" classname="com.ceshiren.CalculatorTest" time="0.003">
    <system-out><![CDATA[第一个测试用例
]]></system-out>
  </testcase>
</testsuite>